This file contains any messages produced by compilers while
running configure, to aid debugging if configure makes a mistake.

It was created by bbdb configure 3.1.2, which was
generated by GNU Autoconf 2.69.  Invocation command line was

  $ ./configure 

## --------- ##
## Platform. ##
## --------- ##

hostname = bryan-laptop
uname -m = x86_64
uname -r = 4.9.53
uname -s = Linux
uname -v = #1 SMP Thu Oct 5 21:34:15 CDT 2017

/usr/bin/uname -p = Intel(R) Core(TM) i5 CPU       M 560  @ 2.67GHz
/bin/uname -X     = unknown

/bin/arch              = x86_64
/usr/bin/arch -k       = unknown
/usr/convex/getsysinfo = unknown
/usr/bin/hostinfo      = unknown
/bin/machine           = unknown
/usr/bin/oslevel       = unknown
/bin/universe          = unknown

PATH: /home/bryan/.opam/4.02.1/bin
PATH: /home/bryan/.rakudobrew/bin
PATH: /opt/jdk-9.0.1/bin
PATH: /opt/jre-9.0.1/bin
PATH: /opt/yakyak-linux-x64
PATH: /home/bryan/.local/bin
PATH: /opt/rakudo-star-2016-10/bin
PATH: /home/bryan/bin
PATH: /sbin
PATH: /usr/sbin
PATH: /home/bryan/.opam/4.02.1/bin
PATH: /home/bryan/.rakudobrew/bin
PATH: /opt/jdk-9.0.1/bin
PATH: /opt/jre-9.0.1/bin
PATH: /opt/yakyak-linux-x64
PATH: /home/bryan/.local/bin
PATH: /opt/rakudo-star-2016-10/bin
PATH: /home/bryan/bin
PATH: /sbin
PATH: /usr/sbin
PATH: /usr/local/bin
PATH: /usr/bin
PATH: /bin
PATH: /usr/games
PATH: /usr/lib64/kf5
PATH: /usr/lib64/kde4/libexec
PATH: /usr/lib64/qt/bin
PATH: /usr/lib64/qt5/bin


## ----------- ##
## Core tests. ##
## ----------- ##

configure:1782: checking for a BSD-compatible install
configure:1850: result: /usr/bin/ginstall -c
configure:1861: checking whether build environment is sane
configure:1916: result: yes
configure:2067: checking for a thread-safe mkdir -p
configure:2106: result: /usr/bin/mkdir -p
configure:2113: checking for gawk
configure:2129: found /usr/bin/gawk
configure:2140: result: gawk
configure:2151: checking whether make sets $(MAKE)
configure:2173: result: yes
configure:2202: checking whether make supports nested variables
configure:2219: result: yes
configure:2369: checking for emacs
configure:2385: found /usr/bin/emacs
configure:2396: result: emacs
configure:2420: checking where .elc files should go
configure:2433: $EMACS -batch -q -eval '(while load-path (princ (concat (car load-path) "\n")) (setq load-path (cdr load-path)))' </dev/null >conftest.out
configure:2436: $? = 0
configure:2449: result: ${datarootdir}/emacs/site-lisp
configure:2645: checking that generated files are newer than configure
configure:2651: result: done
configure:2663: creating ./config.status

## ---------------------- ##
## Running config.status. ##
## ---------------------- ##

This file was extended by bbdb config.status 3.1.2, which was
generated by GNU Autoconf 2.69.  Invocation command line was

  CONFIG_FILES    = 
  CONFIG_HEADERS  = 
  CONFIG_LINKS    = 
  CONFIG_COMMANDS = 
  $ ./config.status 

on bryan-laptop

config.status:754: creating Makefile
config.status:754: creating lisp/Makefile
config.status:754: creating lisp/bbdb-pkg.el
config.status:754: creating doc/Makefile
config.status:754: creating tex/Makefile

## ---------------- ##
## Cache variables. ##
## ---------------- ##

ac_cv_env_EMACSLOADPATH_set=
ac_cv_env_EMACSLOADPATH_value=
ac_cv_env_EMACS_set=
ac_cv_env_EMACS_value=
ac_cv_env_build_alias_set=
ac_cv_env_build_alias_value=
ac_cv_env_host_alias_set=
ac_cv_env_host_alias_value=
ac_cv_env_target_alias_set=
ac_cv_env_target_alias_value=
ac_cv_path_install='/usr/bin/ginstall -c'
ac_cv_path_mkdir=/usr/bin/mkdir
ac_cv_prog_AWK=gawk
ac_cv_prog_EMACS=emacs
ac_cv_prog_make_make_set=yes
am_cv_lispdir='${datarootdir}/emacs/site-lisp'
am_cv_make_support_nested_variables=yes

## ----------------- ##
## Output variables. ##
## ----------------- ##

ACLOCAL='${SHELL} /home/bryan/.emacs.d/site-lisp/bbdb-3.1.2/missing aclocal-1.14'
AMTAR='$${TAR-tar}'
AM_BACKSLASH='\'
AM_DEFAULT_V='$(AM_DEFAULT_VERBOSITY)'
AM_DEFAULT_VERBOSITY='1'
AM_ELCFLAGS=''
AM_V='$(V)'
AUTOCONF='${SHELL} /home/bryan/.emacs.d/site-lisp/bbdb-3.1.2/missing autoconf'
AUTOHEADER='${SHELL} /home/bryan/.emacs.d/site-lisp/bbdb-3.1.2/missing autoheader'
AUTOMAKE='${SHELL} /home/bryan/.emacs.d/site-lisp/bbdb-3.1.2/missing automake-1.14'
AWK='gawk'
CYGPATH_W='echo'
DEFS='-DPACKAGE_NAME=\"bbdb\" -DPACKAGE_TARNAME=\"bbdb\" -DPACKAGE_VERSION=\"3.1.2\" -DPACKAGE_STRING=\"bbdb\ 3.1.2\" -DPACKAGE_BUGREPORT=\"bbdb-info@lists.sourceforge.net\" -DPACKAGE_URL=\"http://savannah.nongnu.org/projects/bbdb/\" -DPACKAGE=\"bbdb\" -DVERSION=\"3.1.2\"'
ECHO_C=''
ECHO_N='-n'
ECHO_T=''
EMACS='emacs'
EMACSLOADPATH=''
INSTALL_DATA='${INSTALL} -m 644'
INSTALL_PROGRAM='${INSTALL}'
INSTALL_SCRIPT='${INSTALL}'
INSTALL_STRIP_PROGRAM='$(install_sh) -c -s'
LIBOBJS=''
LIBS=''
LTLIBOBJS=''
MAKEINFO='${SHELL} /home/bryan/.emacs.d/site-lisp/bbdb-3.1.2/missing makeinfo'
MKDIR_P='/usr/bin/mkdir -p'
PACKAGE='bbdb'
PACKAGE_BUGREPORT='bbdb-info@lists.sourceforge.net'
PACKAGE_DATE='2017-11-04 18:29:54-04:00'
PACKAGE_NAME='bbdb'
PACKAGE_STRING='bbdb 3.1.2'
PACKAGE_TARNAME='bbdb'
PACKAGE_URL='http://savannah.nongnu.org/projects/bbdb/'
PACKAGE_VERSION='3.1.2'
PATH_SEPARATOR=':'
SET_MAKE=''
SHELL='/bin/sh'
STRIP=''
VERSION='3.1.2'
VM_FALSE=''
VM_TRUE='#'
am__isrc=''
am__leading_dot='.'
am__tar='$${TAR-tar} chof - "$$tardir"'
am__untar='$${TAR-tar} xf -'
bindir='${exec_prefix}/bin'
build_alias=''
datadir='${datarootdir}'
datarootdir='${prefix}/share'
docdir='${datarootdir}/doc/${PACKAGE_TARNAME}'
dvidir='${docdir}'
exec_prefix='${prefix}'
host_alias=''
htmldir='${docdir}'
includedir='${prefix}/include'
infodir='${datarootdir}/info'
install_sh='${SHELL} /home/bryan/.emacs.d/site-lisp/bbdb-3.1.2/install-sh'
libdir='${exec_prefix}/lib'
libexecdir='${exec_prefix}/libexec'
lispdir='${datarootdir}/emacs/site-lisp'
localedir='${datarootdir}/locale'
localstatedir='${prefix}/var'
mandir='${datarootdir}/man'
mkdir_p='$(MKDIR_P)'
oldincludedir='/usr/include'
pdfdir='${docdir}'
prefix='/usr/local'
program_transform_name='s,x,x,'
psdir='${docdir}'
sbindir='${exec_prefix}/sbin'
sharedstatedir='${prefix}/com'
sysconfdir='${prefix}/etc'
target_alias=''

## ----------- ##
## confdefs.h. ##
## ----------- ##

/* confdefs.h */
#define PACKAGE_NAME "bbdb"
#define PACKAGE_TARNAME "bbdb"
#define PACKAGE_VERSION "3.1.2"
#define PACKAGE_STRING "bbdb 3.1.2"
#define PACKAGE_BUGREPORT "bbdb-info@lists.sourceforge.net"
#define PACKAGE_URL "http://savannah.nongnu.org/projects/bbdb/"
#define PACKAGE "bbdb"
#define VERSION "3.1.2"

configure: exit 0
